<?xml version="1.0" encoding="UTF-8"?>
<testsuite name="com.clean.mvvmLgb.lbgTest.viewModel.CatsViewModelTest" tests="6" skipped="0" failures="0" errors="0" timestamp="2024-03-02T18:23:25" hostname="APL-5CD204842N" time="1.478">
  <properties/>
  <testcase name="testGetFavEmptyData" classname="com.clean.mvvmLgb.lbgTest.viewModel.CatsViewModelTest" time="1.384"/>
  <testcase name="testGetCatsApiData" classname="com.clean.mvvmLgb.lbgTest.viewModel.CatsViewModelTest" time="0.027"/>
  <testcase name="testGetEmptyData" classname="com.clean.mvvmLgb.lbgTest.viewModel.CatsViewModelTest" time="0.009"/>
  <testcase name="testFetchFavouriteCatsErrorState" classname="com.clean.mvvmLgb.lbgTest.viewModel.CatsViewModelTest" time="0.021"/>
  <testcase name="testFetchFavouriteCatsException" classname="com.clean.mvvmLgb.lbgTest.viewModel.CatsViewModelTest" time="0.013"/>
  <testcase name="testFetchFavouriteCatsSuccessState" classname="com.clean.mvvmLgb.lbgTest.viewModel.CatsViewModelTest" time="0.022"/>
  <system-out><![CDATA[]]></system-out>
  <system-err><![CDATA[]]></system-err>
</testsuite>
